<?xml version="1.0" encoding="UTF-8"?>
<!-- Generated by org.testng.reporters.JUnitReportReporter -->
<testsuite hostname="DESKTOP-ONH91QT" name="AutomateForm.FormTest" tests="6" failures="0" timestamp="31 Jul 2016 08:02:01 GMT" time="0.435" errors="0">
  <testcase name="f1" time="0.002" classname="AutomateForm.FormTest"/>
  <testcase name="recentPostsSectionTest" time="0.225" classname="AutomateForm.FormTest"/>
  <testcase name="f1" time="0.009" classname="AutomateForm.FormTest"/>
  <testcase name="f2" time="0.003" classname="AutomateForm.FormTest"/>
  <testcase name="f2" time="0.002" classname="AutomateForm.FormTest"/>
  <testcase name="recentPostsSectionTest" time="0.194" classname="AutomateForm.FormTest"/>
</testsuite> <!-- AutomateForm.FormTest -->
