<?xml version="1.0" encoding="UTF-8"?>
<!-- Generated by org.testng.reporters.JUnitReportReporter -->
<testsuite hostname="DESKTOP-ONH91QT" name="AutomateForm.FormAutomate" tests="26" failures="0" timestamp="18 Aug 2016 11:45:35 GMT" time="274.418" errors="0">
  <testcase name="newBrowserWindow" time="15.797" classname="AutomateForm.FormAutomate"/>
  <testcase name="clockTimer" time="45.142" classname="AutomateForm.FormAutomate"/>
  <testcase name="verificationTextAndSubmitError" time="7.421" classname="AutomateForm.FormAutomate"/>
  <testcase name="verificationTextAndSubmitError" time="7.126" classname="AutomateForm.FormAutomate"/>
  <testcase name="dropdownSelect" time="6.738" classname="AutomateForm.FormAutomate"/>
  <testcase name="urlText" time="6.478" classname="AutomateForm.FormAutomate"/>
  <testcase name="radioButton" time="6.726" classname="AutomateForm.FormAutomate"/>
  <testcase name="newMessageWindow" time="6.957" classname="AutomateForm.FormAutomate"/>
  <testcase name="textBox" time="7.732" classname="AutomateForm.FormAutomate"/>
  <testcase name="checkBox" time="7.808" classname="AutomateForm.FormAutomate"/>
  <testcase name="datePicker" time="8.940" classname="AutomateForm.FormAutomate"/>
  <testcase name="nestedAndRandomIDElements" time="7.133" classname="AutomateForm.FormAutomate"/>
  <testcase name="alertJava" time="6.738" classname="AutomateForm.FormAutomate"/>
  <testcase name="timingAlertJava" time="6.930" classname="AutomateForm.FormAutomate"/>
  <testcase name="changeColorButton" time="9.884" classname="AutomateForm.FormAutomate"/>
  <testcase name="verificationTextAndSubmitError" time="7.209" classname="AutomateForm.FormAutomate"/>
  <testcase name="periodicElements" time="9.762" classname="AutomateForm.FormAutomate"/>
  <testcase name="textArea" time="11.070" classname="AutomateForm.FormAutomate"/>
  <testcase name="verificationTextAndSubmitSuccess" time="26.018" classname="AutomateForm.FormAutomate"/>
  <testcase name="verificationTextAndSubmitError" time="7.116" classname="AutomateForm.FormAutomate"/>
  <testcase name="changeColorButtonOnDoubleClick" time="6.669" classname="AutomateForm.FormAutomate"/>
  <testcase name="verifyTitle" time="7.216" classname="AutomateForm.FormAutomate"/>
  <testcase name="newBrowserTab" time="14.696" classname="AutomateForm.FormAutomate"/>
  <testcase name="verificationTextAndSubmitError" time="12.302" classname="AutomateForm.FormAutomate"/>
  <testcase name="verificationTextAndSubmitError" time="7.766" classname="AutomateForm.FormAutomate"/>
  <testcase name="dragAndDrop" time="7.044" classname="AutomateForm.FormAutomate"/>
</testsuite> <!-- AutomateForm.FormAutomate -->
