<?xml version="1.0" encoding="UTF-8"?>
<!-- Generated by org.testng.reporters.JUnitReportReporter -->
<testsuite hostname="DESKTOP-ONH91QT" name="AutomateForm.ValidteLinks" tests="1" failures="0" timestamp="7 Aug 2016 02:38:22 GMT" time="12.911" errors="0">
  <testcase name="allLinksInPage" time="12.911" classname="AutomateForm.ValidteLinks"/>
</testsuite> <!-- AutomateForm.ValidteLinks -->
