<?xml version="1.0" encoding="UTF-8"?>
<!-- Generated by org.testng.reporters.JUnitReportReporter -->
<testsuite hostname="DESKTOP-ONH91QT" name="AutomateForm.ValidteLinks" tests="160" failures="0" timestamp="10 Aug 2016 10:35:23 GMT" time="192.833" errors="0">
  <testcase name="validateLinks" time="0.793" classname="AutomateForm.ValidteLinks"/>
  <testcase name="validateLinks" time="1.590" classname="AutomateForm.ValidteLinks"/>
  <testcase name="validateLinks" time="0.667" classname="AutomateForm.ValidteLinks"/>
  <testcase name="validateLinks" time="1.252" classname="AutomateForm.ValidteLinks"/>
  <testcase name="validateLinks" time="0.806" classname="AutomateForm.ValidteLinks"/>
  <testcase name="validateLinks" time="1.307" classname="AutomateForm.ValidteLinks"/>
  <testcase name="validateLinks" time="0.680" classname="AutomateForm.ValidteLinks"/>
  <testcase name="validateLinks" time="1.269" classname="AutomateForm.ValidteLinks"/>
  <testcase name="validateLinks" time="0.661" classname="AutomateForm.ValidteLinks"/>
  <testcase name="validateLinks" time="1.361" classname="AutomateForm.ValidteLinks"/>
  <testcase name="validateLinks" time="1.567" classname="AutomateForm.ValidteLinks"/>
  <testcase name="validateLinks" time="1.316" classname="AutomateForm.ValidteLinks"/>
  <testcase name="validateLinks" time="2.296" classname="AutomateForm.ValidteLinks"/>
  <testcase name="validateLinks" time="1.388" classname="AutomateForm.ValidteLinks"/>
  <testcase name="validateLinks" time="1.275" classname="AutomateForm.ValidteLinks"/>
  <testcase name="validateLinks" time="1.104" classname="AutomateForm.ValidteLinks"/>
  <testcase name="validateLinks" time="1.508" classname="AutomateForm.ValidteLinks"/>
  <testcase name="validateLinks" time="1.244" classname="AutomateForm.ValidteLinks"/>
  <testcase name="validateLinks" time="0.885" classname="AutomateForm.ValidteLinks"/>
  <testcase name="validateLinks" time="1.314" classname="AutomateForm.ValidteLinks"/>
  <testcase name="validateLinks" time="1.198" classname="AutomateForm.ValidteLinks"/>
  <testcase name="validateLinks" time="1.409" classname="AutomateForm.ValidteLinks"/>
  <testcase name="validateLinks" time="1.282" classname="AutomateForm.ValidteLinks"/>
  <testcase name="validateLinks" time="1.240" classname="AutomateForm.ValidteLinks"/>
  <testcase name="validateLinks" time="1.454" classname="AutomateForm.ValidteLinks"/>
  <testcase name="validateLinks" time="1.563" classname="AutomateForm.ValidteLinks"/>
  <testcase name="validateLinks" time="1.440" classname="AutomateForm.ValidteLinks"/>
  <testcase name="validateLinks" time="1.454" classname="AutomateForm.ValidteLinks"/>
  <testcase name="validateLinks" time="1.286" classname="AutomateForm.ValidteLinks"/>
  <testcase name="validateLinks" time="1.232" classname="AutomateForm.ValidteLinks"/>
  <testcase name="validateLinks" time="2.758" classname="AutomateForm.ValidteLinks"/>
  <testcase name="validateLinks" time="1.304" classname="AutomateForm.ValidteLinks"/>
  <testcase name="validateLinks" time="1.227" classname="AutomateForm.ValidteLinks"/>
  <testcase name="validateLinks" time="1.464" classname="AutomateForm.ValidteLinks"/>
  <testcase name="validateLinks" time="0.659" classname="AutomateForm.ValidteLinks"/>
  <testcase name="validateLinks" time="0.703" classname="AutomateForm.ValidteLinks"/>
  <testcase name="validateLinks" time="1.224" classname="AutomateForm.ValidteLinks"/>
  <testcase name="validateLinks" time="1.372" classname="AutomateForm.ValidteLinks"/>
  <testcase name="validateLinks" time="0.746" classname="AutomateForm.ValidteLinks"/>
  <testcase name="validateLinks" time="0.642" classname="AutomateForm.ValidteLinks"/>
  <testcase name="validateLinks" time="1.466" classname="AutomateForm.ValidteLinks"/>
  <testcase name="validateLinks" time="1.457" classname="AutomateForm.ValidteLinks"/>
  <testcase name="validateLinks" time="1.425" classname="AutomateForm.ValidteLinks"/>
  <testcase name="validateLinks" time="1.489" classname="AutomateForm.ValidteLinks"/>
  <testcase name="validateLinks" time="1.319" classname="AutomateForm.ValidteLinks"/>
  <testcase name="validateLinks" time="0.754" classname="AutomateForm.ValidteLinks"/>
  <testcase name="validateLinks" time="1.228" classname="AutomateForm.ValidteLinks"/>
  <testcase name="validateLinks" time="1.275" classname="AutomateForm.ValidteLinks"/>
  <testcase name="validateLinks" time="1.605" classname="AutomateForm.ValidteLinks"/>
  <testcase name="validateLinks" time="1.488" classname="AutomateForm.ValidteLinks"/>
  <testcase name="validateLinks" time="0.679" classname="AutomateForm.ValidteLinks"/>
  <testcase name="validateLinks" time="1.504" classname="AutomateForm.ValidteLinks"/>
  <testcase name="validateLinks" time="0.642" classname="AutomateForm.ValidteLinks"/>
  <testcase name="validateLinks" time="1.796" classname="AutomateForm.ValidteLinks"/>
  <testcase name="validateLinks" time="0.819" classname="AutomateForm.ValidteLinks"/>
  <testcase name="validateLinks" time="0.816" classname="AutomateForm.ValidteLinks"/>
  <testcase name="validateLinks" time="1.275" classname="AutomateForm.ValidteLinks"/>
  <testcase name="validateLinks" time="1.259" classname="AutomateForm.ValidteLinks"/>
  <testcase name="validateLinks" time="0.796" classname="AutomateForm.ValidteLinks"/>
  <testcase name="validateLinks" time="0.688" classname="AutomateForm.ValidteLinks"/>
  <testcase name="validateLinks" time="1.439" classname="AutomateForm.ValidteLinks"/>
  <testcase name="validateLinks" time="0.706" classname="AutomateForm.ValidteLinks"/>
  <testcase name="validateLinks" time="0.677" classname="AutomateForm.ValidteLinks"/>
  <testcase name="validateLinks" time="0.641" classname="AutomateForm.ValidteLinks"/>
  <testcase name="validateLinks" time="0.655" classname="AutomateForm.ValidteLinks"/>
  <testcase name="validateLinks" time="5.569" classname="AutomateForm.ValidteLinks"/>
  <testcase name="validateLinks" time="1.011" classname="AutomateForm.ValidteLinks"/>
  <testcase name="validateLinks" time="0.911" classname="AutomateForm.ValidteLinks"/>
  <testcase name="validateLinks" time="0.779" classname="AutomateForm.ValidteLinks"/>
  <testcase name="validateLinks" time="0.688" classname="AutomateForm.ValidteLinks"/>
  <testcase name="validateLinks" time="1.480" classname="AutomateForm.ValidteLinks"/>
  <testcase name="validateLinks" time="0.638" classname="AutomateForm.ValidteLinks"/>
  <testcase name="validateLinks" time="1.262" classname="AutomateForm.ValidteLinks"/>
  <testcase name="validateLinks" time="0.689" classname="AutomateForm.ValidteLinks"/>
  <testcase name="validateLinks" time="0.738" classname="AutomateForm.ValidteLinks"/>
  <testcase name="validateLinks" time="1.803" classname="AutomateForm.ValidteLinks"/>
  <testcase name="validateLinks" time="1.175" classname="AutomateForm.ValidteLinks"/>
  <testcase name="validateLinks" time="1.309" classname="AutomateForm.ValidteLinks"/>
  <testcase name="validateLinks" time="0.767" classname="AutomateForm.ValidteLinks"/>
  <testcase name="validateLinks" time="1.273" classname="AutomateForm.ValidteLinks"/>
  <testcase name="validateLinks" time="0.683" classname="AutomateForm.ValidteLinks"/>
  <testcase name="validateLinks" time="0.812" classname="AutomateForm.ValidteLinks"/>
  <testcase name="validateLinks" time="1.236" classname="AutomateForm.ValidteLinks"/>
  <testcase name="validateLinks" time="0.680" classname="AutomateForm.ValidteLinks"/>
  <testcase name="validateLinks" time="0.690" classname="AutomateForm.ValidteLinks"/>
  <testcase name="validateLinks" time="0.716" classname="AutomateForm.ValidteLinks"/>
  <testcase name="validateLinks" time="1.271" classname="AutomateForm.ValidteLinks"/>
  <testcase name="validateLinks" time="0.648" classname="AutomateForm.ValidteLinks"/>
  <testcase name="validateLinks" time="0.708" classname="AutomateForm.ValidteLinks"/>
  <testcase name="validateLinks" time="0.081" classname="AutomateForm.ValidteLinks"/>
  <testcase name="validateLinks" time="1.472" classname="AutomateForm.ValidteLinks"/>
  <testcase name="validateLinks" time="2.025" classname="AutomateForm.ValidteLinks"/>
  <testcase name="validateLinks" time="0.881" classname="AutomateForm.ValidteLinks"/>
  <testcase name="validateLinks" time="1.429" classname="AutomateForm.ValidteLinks"/>
  <testcase name="validateLinks" time="0.659" classname="AutomateForm.ValidteLinks"/>
  <testcase name="validateLinks" time="0.650" classname="AutomateForm.ValidteLinks"/>
  <testcase name="validateLinks" time="1.720" classname="AutomateForm.ValidteLinks"/>
  <testcase name="validateLinks" time="0.669" classname="AutomateForm.ValidteLinks"/>
  <testcase name="validateLinks" time="0.651" classname="AutomateForm.ValidteLinks"/>
  <testcase name="validateLinks" time="1.740" classname="AutomateForm.ValidteLinks"/>
  <testcase name="validateLinks" time="1.516" classname="AutomateForm.ValidteLinks"/>
  <testcase name="validateLinks" time="1.227" classname="AutomateForm.ValidteLinks"/>
  <testcase name="validateLinks" time="1.405" classname="AutomateForm.ValidteLinks"/>
  <testcase name="validateLinks" time="0.740" classname="AutomateForm.ValidteLinks"/>
  <testcase name="validateLinks" time="1.373" classname="AutomateForm.ValidteLinks"/>
  <testcase name="validateLinks" time="0.640" classname="AutomateForm.ValidteLinks"/>
  <testcase name="validateLinks" time="0.659" classname="AutomateForm.ValidteLinks"/>
  <testcase name="validateLinks" time="0.701" classname="AutomateForm.ValidteLinks"/>
  <testcase name="validateLinks" time="0.686" classname="AutomateForm.ValidteLinks"/>
  <testcase name="validateLinks" time="0.937" classname="AutomateForm.ValidteLinks"/>
  <testcase name="validateLinks" time="0.660" classname="AutomateForm.ValidteLinks"/>
  <testcase name="validateLinks" time="1.202" classname="AutomateForm.ValidteLinks"/>
  <testcase name="validateLinks" time="1.528" classname="AutomateForm.ValidteLinks"/>
  <testcase name="validateLinks" time="1.226" classname="AutomateForm.ValidteLinks"/>
  <testcase name="validateLinks" time="1.340" classname="AutomateForm.ValidteLinks"/>
  <testcase name="validateLinks" time="0.768" classname="AutomateForm.ValidteLinks"/>
  <testcase name="validateLinks" time="0.740" classname="AutomateForm.ValidteLinks"/>
  <testcase name="validateLinks" time="7.681" classname="AutomateForm.ValidteLinks"/>
  <testcase name="validateLinks" time="1.255" classname="AutomateForm.ValidteLinks"/>
  <testcase name="validateLinks" time="1.249" classname="AutomateForm.ValidteLinks"/>
  <testcase name="validateLinks" time="1.469" classname="AutomateForm.ValidteLinks"/>
  <testcase name="validateLinks" time="0.800" classname="AutomateForm.ValidteLinks"/>
  <testcase name="validateLinks" time="0.774" classname="AutomateForm.ValidteLinks"/>
  <testcase name="validateLinks" time="1.417" classname="AutomateForm.ValidteLinks"/>
  <testcase name="validateLinks" time="0.679" classname="AutomateForm.ValidteLinks"/>
  <testcase name="validateLinks" time="1.204" classname="AutomateForm.ValidteLinks"/>
  <testcase name="validateLinks" time="1.318" classname="AutomateForm.ValidteLinks"/>
  <testcase name="validateLinks" time="0.917" classname="AutomateForm.ValidteLinks"/>
  <testcase name="validateLinks" time="0.673" classname="AutomateForm.ValidteLinks"/>
  <testcase name="validateLinks" time="0.679" classname="AutomateForm.ValidteLinks"/>
  <testcase name="validateLinks" time="1.775" classname="AutomateForm.ValidteLinks"/>
  <testcase name="validateLinks" time="1.233" classname="AutomateForm.ValidteLinks"/>
  <testcase name="validateLinks" time="0.684" classname="AutomateForm.ValidteLinks"/>
  <testcase name="validateLinks" time="0.644" classname="AutomateForm.ValidteLinks"/>
  <testcase name="validateLinks" time="0.941" classname="AutomateForm.ValidteLinks"/>
  <testcase name="validateLinks" time="1.250" classname="AutomateForm.ValidteLinks"/>
  <testcase name="validateLinks" time="1.467" classname="AutomateForm.ValidteLinks"/>
  <testcase name="validateLinks" time="1.326" classname="AutomateForm.ValidteLinks"/>
  <testcase name="validateLinks" time="1.678" classname="AutomateForm.ValidteLinks"/>
  <testcase name="validateLinks" time="1.786" classname="AutomateForm.ValidteLinks"/>
  <testcase name="validateLinks" time="1.320" classname="AutomateForm.ValidteLinks"/>
  <testcase name="validateLinks" time="0.616" classname="AutomateForm.ValidteLinks"/>
  <testcase name="validateLinks" time="0.669" classname="AutomateForm.ValidteLinks"/>
  <testcase name="validateLinks" time="1.432" classname="AutomateForm.ValidteLinks"/>
  <testcase name="validateLinks" time="0.679" classname="AutomateForm.ValidteLinks"/>
  <testcase name="validateLinks" time="0.700" classname="AutomateForm.ValidteLinks"/>
  <testcase name="validateLinks" time="1.264" classname="AutomateForm.ValidteLinks"/>
  <testcase name="validateLinks" time="1.295" classname="AutomateForm.ValidteLinks"/>
  <testcase name="validateLinks" time="1.257" classname="AutomateForm.ValidteLinks"/>
  <testcase name="validateLinks" time="0.667" classname="AutomateForm.ValidteLinks"/>
  <testcase name="validateLinks" time="0.692" classname="AutomateForm.ValidteLinks"/>
  <testcase name="validateLinks" time="0.661" classname="AutomateForm.ValidteLinks"/>
  <testcase name="validateLinks" time="1.193" classname="AutomateForm.ValidteLinks"/>
  <testcase name="validateLinks" time="0.718" classname="AutomateForm.ValidteLinks"/>
  <testcase name="validateLinks" time="1.253" classname="AutomateForm.ValidteLinks"/>
  <testcase name="allLinksInPage" time="4.577" classname="AutomateForm.ValidteLinks"/>
  <testcase name="validateLinks" time="1.853" classname="AutomateForm.ValidteLinks"/>
  <testcase name="validateLinks" time="1.470" classname="AutomateForm.ValidteLinks"/>
  <testcase name="validateLinks" time="1.479" classname="AutomateForm.ValidteLinks"/>
  <testcase name="validateLinks" time="1.440" classname="AutomateForm.ValidteLinks"/>
</testsuite> <!-- AutomateForm.ValidteLinks -->
