<?xml version="1.0" encoding="UTF-8"?>
<!-- Generated by org.testng.reporters.JUnitReportReporter -->
<testsuite hostname="DESKTOP-ONH91QT" name="AutomateForm.ValidteLinks" tests="90" failures="0" timestamp="31 Jul 2016 20:13:34 GMT" time="91.628" errors="0">
  <testcase name="validateLinks" time="0.798" classname="AutomateForm.ValidteLinks"/>
  <testcase name="validateLinks" time="0.792" classname="AutomateForm.ValidteLinks"/>
  <testcase name="validateLinks" time="0.787" classname="AutomateForm.ValidteLinks"/>
  <testcase name="validateLinks" time="0.808" classname="AutomateForm.ValidteLinks"/>
  <testcase name="validateLinks" time="0.792" classname="AutomateForm.ValidteLinks"/>
  <testcase name="validateLinks" time="0.771" classname="AutomateForm.ValidteLinks"/>
  <testcase name="validateLinks" time="0.760" classname="AutomateForm.ValidteLinks"/>
  <testcase name="validateLinks" time="0.794" classname="AutomateForm.ValidteLinks"/>
  <testcase name="validateLinks" time="0.778" classname="AutomateForm.ValidteLinks"/>
  <testcase name="validateLinks" time="0.939" classname="AutomateForm.ValidteLinks"/>
  <testcase name="validateLinks" time="1.181" classname="AutomateForm.ValidteLinks"/>
  <testcase name="validateLinks" time="0.814" classname="AutomateForm.ValidteLinks"/>
  <testcase name="validateLinks" time="0.795" classname="AutomateForm.ValidteLinks"/>
  <testcase name="validateLinks" time="0.778" classname="AutomateForm.ValidteLinks"/>
  <testcase name="validateLinks" time="0.504" classname="AutomateForm.ValidteLinks"/>
  <testcase name="validateLinks" time="0.803" classname="AutomateForm.ValidteLinks"/>
  <testcase name="validateLinks" time="1.077" classname="AutomateForm.ValidteLinks"/>
  <testcase name="validateLinks" time="0.805" classname="AutomateForm.ValidteLinks"/>
  <testcase name="validateLinks" time="0.770" classname="AutomateForm.ValidteLinks"/>
  <testcase name="validateLinks" time="0.794" classname="AutomateForm.ValidteLinks"/>
  <testcase name="validateLinks" time="0.836" classname="AutomateForm.ValidteLinks"/>
  <testcase name="validateLinks" time="0.821" classname="AutomateForm.ValidteLinks"/>
  <testcase name="validateLinks" time="0.780" classname="AutomateForm.ValidteLinks"/>
  <testcase name="validateLinks" time="0.791" classname="AutomateForm.ValidteLinks"/>
  <testcase name="validateLinks" time="0.784" classname="AutomateForm.ValidteLinks"/>
  <testcase name="validateLinks" time="0.546" classname="AutomateForm.ValidteLinks"/>
  <testcase name="validateLinks" time="0.786" classname="AutomateForm.ValidteLinks"/>
  <testcase name="validateLinks" time="0.982" classname="AutomateForm.ValidteLinks"/>
  <testcase name="validateLinks" time="0.771" classname="AutomateForm.ValidteLinks"/>
  <testcase name="validateLinks" time="0.786" classname="AutomateForm.ValidteLinks"/>
  <testcase name="validateLinks" time="0.801" classname="AutomateForm.ValidteLinks"/>
  <testcase name="validateLinks" time="0.793" classname="AutomateForm.ValidteLinks"/>
  <testcase name="validateLinks" time="0.772" classname="AutomateForm.ValidteLinks"/>
  <testcase name="validateLinks" time="0.800" classname="AutomateForm.ValidteLinks"/>
  <testcase name="validateLinks" time="1.488" classname="AutomateForm.ValidteLinks"/>
  <testcase name="validateLinks" time="1.597" classname="AutomateForm.ValidteLinks"/>
  <testcase name="validateLinks" time="0.796" classname="AutomateForm.ValidteLinks"/>
  <testcase name="validateLinks" time="0.770" classname="AutomateForm.ValidteLinks"/>
  <testcase name="validateLinks" time="0.797" classname="AutomateForm.ValidteLinks"/>
  <testcase name="validateLinks" time="0.794" classname="AutomateForm.ValidteLinks"/>
  <testcase name="validateLinks" time="0.855" classname="AutomateForm.ValidteLinks"/>
  <testcase name="validateLinks" time="0.784" classname="AutomateForm.ValidteLinks"/>
  <testcase name="validateLinks" time="0.778" classname="AutomateForm.ValidteLinks"/>
  <testcase name="validateLinks" time="0.783" classname="AutomateForm.ValidteLinks"/>
  <testcase name="validateLinks" time="0.803" classname="AutomateForm.ValidteLinks"/>
  <testcase name="validateLinks" time="0.845" classname="AutomateForm.ValidteLinks"/>
  <testcase name="validateLinks" time="0.271" classname="AutomateForm.ValidteLinks"/>
  <testcase name="validateLinks" time="0.774" classname="AutomateForm.ValidteLinks"/>
  <testcase name="validateLinks" time="0.790" classname="AutomateForm.ValidteLinks"/>
  <testcase name="validateLinks" time="0.780" classname="AutomateForm.ValidteLinks"/>
  <testcase name="validateLinks" time="0.814" classname="AutomateForm.ValidteLinks"/>
  <testcase name="validateLinks" time="0.769" classname="AutomateForm.ValidteLinks"/>
  <testcase name="validateLinks" time="1.503" classname="AutomateForm.ValidteLinks"/>
  <testcase name="validateLinks" time="0.779" classname="AutomateForm.ValidteLinks"/>
  <testcase name="validateLinks" time="1.179" classname="AutomateForm.ValidteLinks"/>
  <testcase name="validateLinks" time="1.506" classname="AutomateForm.ValidteLinks"/>
  <testcase name="validateLinks" time="0.800" classname="AutomateForm.ValidteLinks"/>
  <testcase name="validateLinks" time="2.056" classname="AutomateForm.ValidteLinks"/>
  <testcase name="validateLinks" time="0.809" classname="AutomateForm.ValidteLinks"/>
  <testcase name="validateLinks" time="0.783" classname="AutomateForm.ValidteLinks"/>
  <testcase name="validateLinks" time="0.798" classname="AutomateForm.ValidteLinks"/>
  <testcase name="validateLinks" time="0.779" classname="AutomateForm.ValidteLinks"/>
  <testcase name="validateLinks" time="1.424" classname="AutomateForm.ValidteLinks"/>
  <testcase name="validateLinks" time="0.779" classname="AutomateForm.ValidteLinks"/>
  <testcase name="allLinksInPage" time="12.938" classname="AutomateForm.ValidteLinks"/>
  <testcase name="validateLinks" time="0.773" classname="AutomateForm.ValidteLinks"/>
  <testcase name="validateLinks" time="1.179" classname="AutomateForm.ValidteLinks"/>
  <testcase name="validateLinks" time="0.600" classname="AutomateForm.ValidteLinks"/>
  <testcase name="validateLinks" time="0.780" classname="AutomateForm.ValidteLinks"/>
  <testcase name="validateLinks" time="0.794" classname="AutomateForm.ValidteLinks"/>
  <testcase name="validateLinks" time="0.770" classname="AutomateForm.ValidteLinks"/>
  <testcase name="validateLinks" time="0.790" classname="AutomateForm.ValidteLinks"/>
  <testcase name="validateLinks" time="1.428" classname="AutomateForm.ValidteLinks"/>
  <testcase name="validateLinks" time="0.804" classname="AutomateForm.ValidteLinks"/>
  <testcase name="validateLinks" time="0.786" classname="AutomateForm.ValidteLinks"/>
  <testcase name="validateLinks" time="1.442" classname="AutomateForm.ValidteLinks"/>
  <testcase name="validateLinks" time="0.780" classname="AutomateForm.ValidteLinks"/>
  <testcase name="validateLinks" time="0.777" classname="AutomateForm.ValidteLinks"/>
  <testcase name="validateLinks" time="0.998" classname="AutomateForm.ValidteLinks"/>
  <testcase name="validateLinks" time="0.788" classname="AutomateForm.ValidteLinks"/>
  <testcase name="validateLinks" time="0.783" classname="AutomateForm.ValidteLinks"/>
  <testcase name="validateLinks" time="0.799" classname="AutomateForm.ValidteLinks"/>
  <testcase name="validateLinks" time="0.782" classname="AutomateForm.ValidteLinks"/>
  <testcase name="validateLinks" time="0.783" classname="AutomateForm.ValidteLinks"/>
  <testcase name="validateLinks" time="0.850" classname="AutomateForm.ValidteLinks"/>
  <testcase name="validateLinks" time="0.789" classname="AutomateForm.ValidteLinks"/>
  <testcase name="validateLinks" time="0.778" classname="AutomateForm.ValidteLinks"/>
  <testcase name="validateLinks" time="2.903" classname="AutomateForm.ValidteLinks"/>
  <testcase name="validateLinks" time="0.057" classname="AutomateForm.ValidteLinks"/>
  <testcase name="validateLinks" time="0.805" classname="AutomateForm.ValidteLinks"/>
</testsuite> <!-- AutomateForm.ValidteLinks -->
