<?xml version="1.0" encoding="UTF-8"?>
<!-- Generated by org.testng.reporters.JUnitReportReporter -->
<testsuite hostname="DESKTOP-ONH91QT" name="AutomateForm.ValidteLinks" tests="90" failures="0" timestamp="21 Aug 2016 14:09:57 GMT" time="74.325" errors="0">
  <testcase name="validateLinks" time="0.580" classname="AutomateForm.ValidteLinks"/>
  <testcase name="validateLinks" time="0.580" classname="AutomateForm.ValidteLinks"/>
  <testcase name="validateLinks" time="0.570" classname="AutomateForm.ValidteLinks"/>
  <testcase name="validateLinks" time="0.585" classname="AutomateForm.ValidteLinks"/>
  <testcase name="validateLinks" time="1.095" classname="AutomateForm.ValidteLinks"/>
  <testcase name="validateLinks" time="1.085" classname="AutomateForm.ValidteLinks"/>
  <testcase name="validateLinks" time="0.579" classname="AutomateForm.ValidteLinks"/>
  <testcase name="validateLinks" time="1.067" classname="AutomateForm.ValidteLinks"/>
  <testcase name="validateLinks" time="1.074" classname="AutomateForm.ValidteLinks"/>
  <testcase name="validateLinks" time="1.613" classname="AutomateForm.ValidteLinks"/>
  <testcase name="validateLinks" time="0.576" classname="AutomateForm.ValidteLinks"/>
  <testcase name="validateLinks" time="0.580" classname="AutomateForm.ValidteLinks"/>
  <testcase name="validateLinks" time="1.908" classname="AutomateForm.ValidteLinks"/>
  <testcase name="validateLinks" time="0.593" classname="AutomateForm.ValidteLinks"/>
  <testcase name="validateLinks" time="0.589" classname="AutomateForm.ValidteLinks"/>
  <testcase name="validateLinks" time="2.452" classname="AutomateForm.ValidteLinks"/>
  <testcase name="validateLinks" time="1.096" classname="AutomateForm.ValidteLinks"/>
  <testcase name="validateLinks" time="0.589" classname="AutomateForm.ValidteLinks"/>
  <testcase name="validateLinks" time="1.071" classname="AutomateForm.ValidteLinks"/>
  <testcase name="validateLinks" time="1.600" classname="AutomateForm.ValidteLinks"/>
  <testcase name="validateLinks" time="0.568" classname="AutomateForm.ValidteLinks"/>
  <testcase name="validateLinks" time="1.068" classname="AutomateForm.ValidteLinks"/>
  <testcase name="validateLinks" time="0.582" classname="AutomateForm.ValidteLinks"/>
  <testcase name="validateLinks" time="1.111" classname="AutomateForm.ValidteLinks"/>
  <testcase name="validateLinks" time="1.569" classname="AutomateForm.ValidteLinks"/>
  <testcase name="validateLinks" time="1.100" classname="AutomateForm.ValidteLinks"/>
  <testcase name="validateLinks" time="1.068" classname="AutomateForm.ValidteLinks"/>
  <testcase name="validateLinks" time="0.587" classname="AutomateForm.ValidteLinks"/>
  <testcase name="validateLinks" time="0.582" classname="AutomateForm.ValidteLinks"/>
  <testcase name="validateLinks" time="0.576" classname="AutomateForm.ValidteLinks"/>
  <testcase name="validateLinks" time="1.075" classname="AutomateForm.ValidteLinks"/>
  <testcase name="validateLinks" time="0.592" classname="AutomateForm.ValidteLinks"/>
  <testcase name="validateLinks" time="0.578" classname="AutomateForm.ValidteLinks"/>
  <testcase name="validateLinks" time="0.578" classname="AutomateForm.ValidteLinks"/>
  <testcase name="validateLinks" time="0.575" classname="AutomateForm.ValidteLinks"/>
  <testcase name="validateLinks" time="0.582" classname="AutomateForm.ValidteLinks"/>
  <testcase name="validateLinks" time="0.546" classname="AutomateForm.ValidteLinks"/>
  <testcase name="validateLinks" time="1.060" classname="AutomateForm.ValidteLinks"/>
  <testcase name="validateLinks" time="0.562" classname="AutomateForm.ValidteLinks"/>
  <testcase name="validateLinks" time="1.117" classname="AutomateForm.ValidteLinks"/>
  <testcase name="validateLinks" time="0.597" classname="AutomateForm.ValidteLinks"/>
  <testcase name="validateLinks" time="0.572" classname="AutomateForm.ValidteLinks"/>
  <testcase name="validateLinks" time="1.099" classname="AutomateForm.ValidteLinks"/>
  <testcase name="validateLinks" time="1.112" classname="AutomateForm.ValidteLinks"/>
  <testcase name="validateLinks" time="0.558" classname="AutomateForm.ValidteLinks"/>
  <testcase name="validateLinks" time="0.989" classname="AutomateForm.ValidteLinks"/>
  <testcase name="validateLinks" time="0.565" classname="AutomateForm.ValidteLinks"/>
  <testcase name="validateLinks" time="0.572" classname="AutomateForm.ValidteLinks"/>
  <testcase name="validateLinks" time="0.569" classname="AutomateForm.ValidteLinks"/>
  <testcase name="validateLinks" time="0.580" classname="AutomateForm.ValidteLinks"/>
  <testcase name="validateLinks" time="0.637" classname="AutomateForm.ValidteLinks"/>
  <testcase name="validateLinks" time="0.580" classname="AutomateForm.ValidteLinks"/>
  <testcase name="validateLinks" time="1.099" classname="AutomateForm.ValidteLinks"/>
  <testcase name="allLinksInPage" time="2.461" classname="AutomateForm.ValidteLinks"/>
  <testcase name="validateLinks" time="1.093" classname="AutomateForm.ValidteLinks"/>
  <testcase name="validateLinks" time="0.576" classname="AutomateForm.ValidteLinks"/>
  <testcase name="validateLinks" time="1.088" classname="AutomateForm.ValidteLinks"/>
  <testcase name="validateLinks" time="0.581" classname="AutomateForm.ValidteLinks"/>
  <testcase name="validateLinks" time="1.106" classname="AutomateForm.ValidteLinks"/>
  <testcase name="validateLinks" time="0.584" classname="AutomateForm.ValidteLinks"/>
  <testcase name="validateLinks" time="0.580" classname="AutomateForm.ValidteLinks"/>
  <testcase name="validateLinks" time="1.065" classname="AutomateForm.ValidteLinks"/>
  <testcase name="validateLinks" time="0.568" classname="AutomateForm.ValidteLinks"/>
  <testcase name="validateLinks" time="0.573" classname="AutomateForm.ValidteLinks"/>
  <testcase name="validateLinks" time="1.077" classname="AutomateForm.ValidteLinks"/>
  <testcase name="validateLinks" time="0.566" classname="AutomateForm.ValidteLinks"/>
  <testcase name="validateLinks" time="0.568" classname="AutomateForm.ValidteLinks"/>
  <testcase name="validateLinks" time="0.587" classname="AutomateForm.ValidteLinks"/>
  <testcase name="validateLinks" time="0.577" classname="AutomateForm.ValidteLinks"/>
  <testcase name="validateLinks" time="3.277" classname="AutomateForm.ValidteLinks"/>
  <testcase name="validateLinks" time="0.582" classname="AutomateForm.ValidteLinks"/>
  <testcase name="validateLinks" time="0.567" classname="AutomateForm.ValidteLinks"/>
  <testcase name="validateLinks" time="1.073" classname="AutomateForm.ValidteLinks"/>
  <testcase name="validateLinks" time="0.552" classname="AutomateForm.ValidteLinks"/>
  <testcase name="validateLinks" time="0.567" classname="AutomateForm.ValidteLinks"/>
  <testcase name="validateLinks" time="0.574" classname="AutomateForm.ValidteLinks"/>
  <testcase name="validateLinks" time="0.577" classname="AutomateForm.ValidteLinks"/>
  <testcase name="validateLinks" time="0.574" classname="AutomateForm.ValidteLinks"/>
  <testcase name="validateLinks" time="0.581" classname="AutomateForm.ValidteLinks"/>
  <testcase name="validateLinks" time="0.603" classname="AutomateForm.ValidteLinks"/>
  <testcase name="validateLinks" time="0.050" classname="AutomateForm.ValidteLinks"/>
  <testcase name="validateLinks" time="0.575" classname="AutomateForm.ValidteLinks"/>
  <testcase name="validateLinks" time="1.094" classname="AutomateForm.ValidteLinks"/>
  <testcase name="validateLinks" time="0.558" classname="AutomateForm.ValidteLinks"/>
  <testcase name="validateLinks" time="0.566" classname="AutomateForm.ValidteLinks"/>
  <testcase name="validateLinks" time="0.575" classname="AutomateForm.ValidteLinks"/>
  <testcase name="validateLinks" time="0.565" classname="AutomateForm.ValidteLinks"/>
  <testcase name="validateLinks" time="0.548" classname="AutomateForm.ValidteLinks"/>
  <testcase name="validateLinks" time="0.560" classname="AutomateForm.ValidteLinks"/>
  <testcase name="validateLinks" time="0.570" classname="AutomateForm.ValidteLinks"/>
</testsuite> <!-- AutomateForm.ValidteLinks -->
